# Logfile created on 2014-02-05 13:49:57 +1100 by logger.rb/41954
I, [2014-02-05T13:49:57.523809 #7742]  INFO -- : 0:  rake (10.1.1) from /Users/ZezanTam/.rvm/gems/ruby-2.0.0-p353/specifications/rake-10.1.1.gemspec
I, [2014-02-05T13:49:57.524520 #7742]  INFO -- : 0:  i18n (0.6.9) from /Users/ZezanTam/.rvm/gems/ruby-2.0.0-p353@global/specifications/i18n-0.6.9.gemspec
I, [2014-02-05T13:49:58.520804 #7742]  INFO -- : 0:  minitest (4.7.5) from /Users/ZezanTam/.rvm/gems/ruby-2.0.0-p353/specifications/minitest-4.7.5.gemspec
I, [2014-02-05T13:49:58.521529 #7742]  INFO -- : 0:  multi_json (1.8.4) from /Users/ZezanTam/.rvm/gems/ruby-2.0.0-p353@global/specifications/multi_json-1.8.4.gemspec
I, [2014-02-05T13:49:58.521997 #7742]  INFO -- : 0:  atomic (1.1.14) from /Users/ZezanTam/.rvm/gems/ruby-2.0.0-p353@global/specifications/atomic-1.1.14.gemspec
I, [2014-02-05T13:49:58.522497 #7742]  INFO -- : 0:  thread_safe (0.1.3) from /Users/ZezanTam/.rvm/gems/ruby-2.0.0-p353@global/specifications/thread_safe-0.1.3.gemspec
I, [2014-02-05T13:49:58.522928 #7742]  INFO -- : 0:  tzinfo (0.3.38) from /Users/ZezanTam/.rvm/gems/ruby-2.0.0-p353@global/specifications/tzinfo-0.3.38.gemspec
I, [2014-02-05T13:49:58.523385 #7742]  INFO -- : 0:  activesupport (4.0.2) from /Users/ZezanTam/.rvm/gems/ruby-2.0.0-p353@global/specifications/activesupport-4.0.2.gemspec
I, [2014-02-05T13:49:58.523845 #7742]  INFO -- : 0:  builder (3.1.4) from /Users/ZezanTam/.rvm/gems/ruby-2.0.0-p353@global/specifications/builder-3.1.4.gemspec
I, [2014-02-05T13:49:58.524241 #7742]  INFO -- : 0:  erubis (2.7.0) from /Users/ZezanTam/.rvm/gems/ruby-2.0.0-p353@global/specifications/erubis-2.7.0.gemspec
I, [2014-02-05T13:49:58.524568 #7742]  INFO -- : 0:  rack (1.5.2) from /Users/ZezanTam/.rvm/gems/ruby-2.0.0-p353@global/specifications/rack-1.5.2.gemspec
I, [2014-02-05T13:49:58.524915 #7742]  INFO -- : 0:  rack-test (0.6.2) from /Users/ZezanTam/.rvm/gems/ruby-2.0.0-p353@global/specifications/rack-test-0.6.2.gemspec
I, [2014-02-05T13:49:58.525231 #7742]  INFO -- : 0:  actionpack (4.0.2) from /Users/ZezanTam/.rvm/gems/ruby-2.0.0-p353@global/specifications/actionpack-4.0.2.gemspec
I, [2014-02-05T13:49:58.525601 #7742]  INFO -- : 0:  mime-types (1.25.1) from /Users/ZezanTam/.rvm/gems/ruby-2.0.0-p353@global/specifications/mime-types-1.25.1.gemspec
I, [2014-02-05T13:49:58.525946 #7742]  INFO -- : 0:  polyglot (0.3.3) from /Users/ZezanTam/.rvm/gems/ruby-2.0.0-p353@global/specifications/polyglot-0.3.3.gemspec
I, [2014-02-05T13:49:58.526321 #7742]  INFO -- : 0:  treetop (1.4.15) from /Users/ZezanTam/.rvm/gems/ruby-2.0.0-p353@global/specifications/treetop-1.4.15.gemspec
I, [2014-02-05T13:49:58.526677 #7742]  INFO -- : 0:  mail (2.5.4) from /Users/ZezanTam/.rvm/gems/ruby-2.0.0-p353@global/specifications/mail-2.5.4.gemspec
I, [2014-02-05T13:49:58.526977 #7742]  INFO -- : 0:  actionmailer (4.0.2) from /Users/ZezanTam/.rvm/gems/ruby-2.0.0-p353@global/specifications/actionmailer-4.0.2.gemspec
I, [2014-02-05T13:49:58.527398 #7742]  INFO -- : 0:  activemodel (4.0.2) from /Users/ZezanTam/.rvm/gems/ruby-2.0.0-p353@global/specifications/activemodel-4.0.2.gemspec
I, [2014-02-05T13:49:58.527843 #7742]  INFO -- : 0:  activerecord-deprecated_finders (1.0.3) from /Users/ZezanTam/.rvm/gems/ruby-2.0.0-p353@global/specifications/activerecord-deprecated_finders-1.0.3.gemspec
I, [2014-02-05T13:49:58.528268 #7742]  INFO -- : 0:  arel (4.0.1) from /Users/ZezanTam/.rvm/gems/ruby-2.0.0-p353@global/specifications/arel-4.0.1.gemspec
I, [2014-02-05T13:49:58.528702 #7742]  INFO -- : 0:  activerecord (4.0.2) from /Users/ZezanTam/.rvm/gems/ruby-2.0.0-p353@global/specifications/activerecord-4.0.2.gemspec
I, [2014-02-05T13:49:59.850616 #7742]  INFO -- : 0:  coderay (1.1.0) from /Users/ZezanTam/.rvm/gems/ruby-2.0.0-p353/specifications/coderay-1.1.0.gemspec
I, [2014-02-05T13:50:00.856679 #7742]  INFO -- : 0:  better_errors (1.1.0) from /Users/ZezanTam/.rvm/gems/ruby-2.0.0-p353/specifications/better_errors-1.1.0.gemspec
I, [2014-02-05T13:50:05.138698 #7742]  INFO -- : 0:  debug_inspector (0.0.2) from /Users/ZezanTam/.rvm/gems/ruby-2.0.0-p353/specifications/debug_inspector-0.0.2.gemspec
I, [2014-02-05T13:50:06.386559 #7742]  INFO -- : 0:  binding_of_caller (0.7.2) from /Users/ZezanTam/.rvm/gems/ruby-2.0.0-p353/specifications/binding_of_caller-0.7.2.gemspec
I, [2014-02-05T13:50:07.928400 #7742]  INFO -- : 0:  sass (3.2.14) from /Users/ZezanTam/.rvm/gems/ruby-2.0.0-p353/specifications/sass-3.2.14.gemspec
I, [2014-02-05T13:50:09.122018 #7742]  INFO -- : 0:  bootstrap-sass (3.1.0.1) from /Users/ZezanTam/.rvm/gems/ruby-2.0.0-p353/specifications/bootstrap-sass-3.1.0.1.gemspec
I, [2014-02-05T13:50:10.137818 #7742]  INFO -- : 0:  coffee-script-source (1.7.0) from /Users/ZezanTam/.rvm/gems/ruby-2.0.0-p353/specifications/coffee-script-source-1.7.0.gemspec
I, [2014-02-05T13:50:11.108958 #7742]  INFO -- : 0:  execjs (2.0.2) from /Users/ZezanTam/.rvm/gems/ruby-2.0.0-p353/specifications/execjs-2.0.2.gemspec
I, [2014-02-05T13:50:12.072762 #7742]  INFO -- : 0:  coffee-script (2.2.0) from /Users/ZezanTam/.rvm/gems/ruby-2.0.0-p353/specifications/coffee-script-2.2.0.gemspec
I, [2014-02-05T13:50:12.073146 #7742]  INFO -- : 0:  thor (0.18.1) from /Users/ZezanTam/.rvm/gems/ruby-2.0.0-p353@global/specifications/thor-0.18.1.gemspec
I, [2014-02-05T13:50:12.073501 #7742]  INFO -- : 0:  railties (4.0.2) from /Users/ZezanTam/.rvm/gems/ruby-2.0.0-p353@global/specifications/railties-4.0.2.gemspec
I, [2014-02-05T13:50:13.040402 #7742]  INFO -- : 0:  coffee-rails (4.0.1) from /Users/ZezanTam/.rvm/gems/ruby-2.0.0-p353/specifications/coffee-rails-4.0.1.gemspec
I, [2014-02-05T13:50:14.115502 #7742]  INFO -- : 0:  daemons (1.1.9) from /Users/ZezanTam/.rvm/gems/ruby-2.0.0-p353/specifications/daemons-1.1.9.gemspec
I, [2014-02-05T13:50:27.002098 #7742]  INFO -- : 0:  eventmachine (1.0.3) from /Users/ZezanTam/.rvm/gems/ruby-2.0.0-p353/specifications/eventmachine-1.0.3.gemspec
I, [2014-02-05T13:50:27.017224 #7742]  INFO -- : 0:  bundler (1.5.1) from /Users/ZezanTam/.rvm/gems/ruby-2.0.0-p353@global/specifications/bundler-1.5.1.gemspec
I, [2014-02-05T13:50:27.017651 #7742]  INFO -- : 0:  hike (1.2.3) from /Users/ZezanTam/.rvm/gems/ruby-2.0.0-p353@global/specifications/hike-1.2.3.gemspec
I, [2014-02-05T13:50:27.018206 #7742]  INFO -- : 0:  tilt (1.4.1) from /Users/ZezanTam/.rvm/gems/ruby-2.0.0-p353@global/specifications/tilt-1.4.1.gemspec
I, [2014-02-05T13:50:27.018737 #7742]  INFO -- : 0:  sprockets (2.10.1) from /Users/ZezanTam/.rvm/gems/ruby-2.0.0-p353@global/specifications/sprockets-2.10.1.gemspec
I, [2014-02-05T13:50:27.019191 #7742]  INFO -- : 0:  sprockets-rails (2.0.1) from /Users/ZezanTam/.rvm/gems/ruby-2.0.0-p353@global/specifications/sprockets-rails-2.0.1.gemspec
I, [2014-02-05T13:50:27.019542 #7742]  INFO -- : 0:  rails (4.0.2) from /Users/ZezanTam/.rvm/gems/ruby-2.0.0-p353@global/specifications/rails-4.0.2.gemspec
I, [2014-02-05T13:50:27.987920 #7742]  INFO -- : 0:  figaro (0.7.0) from /Users/ZezanTam/.rvm/gems/ruby-2.0.0-p353/specifications/figaro-0.7.0.gemspec
I, [2014-02-05T13:50:29.124487 #7742]  INFO -- : 0:  high_voltage (2.1.0) from /Users/ZezanTam/.rvm/gems/ruby-2.0.0-p353/specifications/high_voltage-2.1.0.gemspec
I, [2014-02-05T13:50:30.123687 #7742]  INFO -- : 0:  jbuilder (1.5.3) from /Users/ZezanTam/.rvm/gems/ruby-2.0.0-p353/specifications/jbuilder-1.5.3.gemspec
I, [2014-02-05T13:50:31.224325 #7742]  INFO -- : 0:  jquery-rails (3.1.0) from /Users/ZezanTam/.rvm/gems/ruby-2.0.0-p353/specifications/jquery-rails-3.1.0.gemspec
I, [2014-02-05T13:50:33.345320 #7742]  INFO -- : 0:  json (1.8.1) from /Users/ZezanTam/.rvm/gems/ruby-2.0.0-p353/specifications/json-1.8.1.gemspec
I, [2014-02-05T13:50:34.321150 #7742]  INFO -- : 0:  quiet_assets (1.0.2) from /Users/ZezanTam/.rvm/gems/ruby-2.0.0-p353/specifications/quiet_assets-1.0.2.gemspec
I, [2014-02-05T13:50:35.337061 #7742]  INFO -- : 0:  rails_layout (1.0.5) from /Users/ZezanTam/.rvm/gems/ruby-2.0.0-p353/specifications/rails_layout-1.0.5.gemspec
I, [2014-02-05T13:50:36.532581 #7742]  INFO -- : 0:  sass-rails (4.0.1) from /Users/ZezanTam/.rvm/gems/ruby-2.0.0-p353/specifications/sass-rails-4.0.1.gemspec
I, [2014-02-05T13:50:37.637736 #7742]  INFO -- : 0:  simple_form (3.0.1) from /Users/ZezanTam/.rvm/gems/ruby-2.0.0-p353/specifications/simple_form-3.0.1.gemspec
I, [2014-02-05T13:50:40.808073 #7742]  INFO -- : 0:  sqlite3 (1.3.8) from /Users/ZezanTam/.rvm/gems/ruby-2.0.0-p353/specifications/sqlite3-1.3.8.gemspec
I, [2014-02-05T13:50:42.409453 #7742]  INFO -- : 0:  thin (1.6.1) from /Users/ZezanTam/.rvm/gems/ruby-2.0.0-p353/specifications/thin-1.6.1.gemspec
I, [2014-02-05T13:50:43.407621 #7742]  INFO -- : 0:  turbolinks (2.2.1) from /Users/ZezanTam/.rvm/gems/ruby-2.0.0-p353/specifications/turbolinks-2.2.1.gemspec
I, [2014-02-05T13:50:44.550521 #7742]  INFO -- : 0:  uglifier (2.4.0) from /Users/ZezanTam/.rvm/gems/ruby-2.0.0-p353/specifications/uglifier-2.4.0.gemspec
I, [2014-02-05T13:59:31.954820 #8884]  INFO -- : 0:  rake (10.1.1) from /Users/ZezanTam/.rvm/gems/ruby-2.0.0-p353/specifications/rake-10.1.1.gemspec
I, [2014-02-05T13:59:31.995677 #8884]  INFO -- : 0:  i18n (0.6.9) from /Users/ZezanTam/.rvm/gems/ruby-2.0.0-p353@global/specifications/i18n-0.6.9.gemspec
I, [2014-02-05T13:59:31.996192 #8884]  INFO -- : 0:  minitest (4.7.5) from /Users/ZezanTam/.rvm/gems/ruby-2.0.0-p353/specifications/minitest-4.7.5.gemspec
I, [2014-02-05T13:59:31.996597 #8884]  INFO -- : 0:  multi_json (1.8.4) from /Users/ZezanTam/.rvm/gems/ruby-2.0.0-p353@global/specifications/multi_json-1.8.4.gemspec
I, [2014-02-05T13:59:31.996986 #8884]  INFO -- : 0:  atomic (1.1.14) from /Users/ZezanTam/.rvm/gems/ruby-2.0.0-p353@global/specifications/atomic-1.1.14.gemspec
I, [2014-02-05T13:59:31.997382 #8884]  INFO -- : 0:  thread_safe (0.1.3) from /Users/ZezanTam/.rvm/gems/ruby-2.0.0-p353@global/specifications/thread_safe-0.1.3.gemspec
I, [2014-02-05T13:59:31.997973 #8884]  INFO -- : 0:  tzinfo (0.3.38) from /Users/ZezanTam/.rvm/gems/ruby-2.0.0-p353@global/specifications/tzinfo-0.3.38.gemspec
I, [2014-02-05T13:59:31.998437 #8884]  INFO -- : 0:  activesupport (4.0.2) from /Users/ZezanTam/.rvm/gems/ruby-2.0.0-p353@global/specifications/activesupport-4.0.2.gemspec
I, [2014-02-05T13:59:31.998880 #8884]  INFO -- : 0:  builder (3.1.4) from /Users/ZezanTam/.rvm/gems/ruby-2.0.0-p353@global/specifications/builder-3.1.4.gemspec
I, [2014-02-05T13:59:31.999308 #8884]  INFO -- : 0:  erubis (2.7.0) from /Users/ZezanTam/.rvm/gems/ruby-2.0.0-p353@global/specifications/erubis-2.7.0.gemspec
I, [2014-02-05T13:59:31.999738 #8884]  INFO -- : 0:  rack (1.5.2) from /Users/ZezanTam/.rvm/gems/ruby-2.0.0-p353@global/specifications/rack-1.5.2.gemspec
I, [2014-02-05T13:59:32.000162 #8884]  INFO -- : 0:  rack-test (0.6.2) from /Users/ZezanTam/.rvm/gems/ruby-2.0.0-p353@global/specifications/rack-test-0.6.2.gemspec
I, [2014-02-05T13:59:32.000585 #8884]  INFO -- : 0:  actionpack (4.0.2) from /Users/ZezanTam/.rvm/gems/ruby-2.0.0-p353@global/specifications/actionpack-4.0.2.gemspec
I, [2014-02-05T13:59:32.001019 #8884]  INFO -- : 0:  mime-types (1.25.1) from /Users/ZezanTam/.rvm/gems/ruby-2.0.0-p353@global/specifications/mime-types-1.25.1.gemspec
I, [2014-02-05T13:59:32.001412 #8884]  INFO -- : 0:  polyglot (0.3.3) from /Users/ZezanTam/.rvm/gems/ruby-2.0.0-p353@global/specifications/polyglot-0.3.3.gemspec
I, [2014-02-05T13:59:32.001836 #8884]  INFO -- : 0:  treetop (1.4.15) from /Users/ZezanTam/.rvm/gems/ruby-2.0.0-p353@global/specifications/treetop-1.4.15.gemspec
I, [2014-02-05T13:59:32.002196 #8884]  INFO -- : 0:  mail (2.5.4) from /Users/ZezanTam/.rvm/gems/ruby-2.0.0-p353@global/specifications/mail-2.5.4.gemspec
I, [2014-02-05T13:59:32.002574 #8884]  INFO -- : 0:  actionmailer (4.0.2) from /Users/ZezanTam/.rvm/gems/ruby-2.0.0-p353@global/specifications/actionmailer-4.0.2.gemspec
I, [2014-02-05T13:59:32.002954 #8884]  INFO -- : 0:  activemodel (4.0.2) from /Users/ZezanTam/.rvm/gems/ruby-2.0.0-p353@global/specifications/activemodel-4.0.2.gemspec
I, [2014-02-05T13:59:32.003512 #8884]  INFO -- : 0:  activerecord-deprecated_finders (1.0.3) from /Users/ZezanTam/.rvm/gems/ruby-2.0.0-p353@global/specifications/activerecord-deprecated_finders-1.0.3.gemspec
I, [2014-02-05T13:59:32.004102 #8884]  INFO -- : 0:  arel (4.0.1) from /Users/ZezanTam/.rvm/gems/ruby-2.0.0-p353@global/specifications/arel-4.0.1.gemspec
I, [2014-02-05T13:59:32.004559 #8884]  INFO -- : 0:  activerecord (4.0.2) from /Users/ZezanTam/.rvm/gems/ruby-2.0.0-p353@global/specifications/activerecord-4.0.2.gemspec
I, [2014-02-05T13:59:33.960065 #8884]  INFO -- : 0:  activerecord-tableless (1.3.3) from /Users/ZezanTam/.rvm/gems/ruby-2.0.0-p353/specifications/activerecord-tableless-1.3.3.gemspec
I, [2014-02-05T13:59:33.960558 #8884]  INFO -- : 0:  coderay (1.1.0) from /Users/ZezanTam/.rvm/gems/ruby-2.0.0-p353/specifications/coderay-1.1.0.gemspec
I, [2014-02-05T13:59:33.960897 #8884]  INFO -- : 0:  better_errors (1.1.0) from /Users/ZezanTam/.rvm/gems/ruby-2.0.0-p353/specifications/better_errors-1.1.0.gemspec
I, [2014-02-05T13:59:33.961199 #8884]  INFO -- : 0:  debug_inspector (0.0.2) from /Users/ZezanTam/.rvm/gems/ruby-2.0.0-p353/specifications/debug_inspector-0.0.2.gemspec
I, [2014-02-05T13:59:33.961502 #8884]  INFO -- : 0:  binding_of_caller (0.7.2) from /Users/ZezanTam/.rvm/gems/ruby-2.0.0-p353/specifications/binding_of_caller-0.7.2.gemspec
I, [2014-02-05T13:59:33.961820 #8884]  INFO -- : 0:  sass (3.2.14) from /Users/ZezanTam/.rvm/gems/ruby-2.0.0-p353/specifications/sass-3.2.14.gemspec
I, [2014-02-05T13:59:33.962110 #8884]  INFO -- : 0:  bootstrap-sass (3.1.0.1) from /Users/ZezanTam/.rvm/gems/ruby-2.0.0-p353/specifications/bootstrap-sass-3.1.0.1.gemspec
I, [2014-02-05T13:59:33.962413 #8884]  INFO -- : 0:  bundler (1.5.1) from /Users/ZezanTam/.rvm/gems/ruby-2.0.0-p353@global/specifications/bundler-1.5.1.gemspec
I, [2014-02-05T13:59:33.962705 #8884]  INFO -- : 0:  coffee-script-source (1.7.0) from /Users/ZezanTam/.rvm/gems/ruby-2.0.0-p353/specifications/coffee-script-source-1.7.0.gemspec
I, [2014-02-05T13:59:33.963016 #8884]  INFO -- : 0:  execjs (2.0.2) from /Users/ZezanTam/.rvm/gems/ruby-2.0.0-p353/specifications/execjs-2.0.2.gemspec
I, [2014-02-05T13:59:33.963299 #8884]  INFO -- : 0:  coffee-script (2.2.0) from /Users/ZezanTam/.rvm/gems/ruby-2.0.0-p353/specifications/coffee-script-2.2.0.gemspec
I, [2014-02-05T13:59:33.963598 #8884]  INFO -- : 0:  thor (0.18.1) from /Users/ZezanTam/.rvm/gems/ruby-2.0.0-p353@global/specifications/thor-0.18.1.gemspec
I, [2014-02-05T13:59:33.963998 #8884]  INFO -- : 0:  railties (4.0.2) from /Users/ZezanTam/.rvm/gems/ruby-2.0.0-p353@global/specifications/railties-4.0.2.gemspec
I, [2014-02-05T13:59:33.964322 #8884]  INFO -- : 0:  coffee-rails (4.0.1) from /Users/ZezanTam/.rvm/gems/ruby-2.0.0-p353/specifications/coffee-rails-4.0.1.gemspec
I, [2014-02-05T13:59:33.964637 #8884]  INFO -- : 0:  daemons (1.1.9) from /Users/ZezanTam/.rvm/gems/ruby-2.0.0-p353/specifications/daemons-1.1.9.gemspec
I, [2014-02-05T13:59:33.964935 #8884]  INFO -- : 0:  eventmachine (1.0.3) from /Users/ZezanTam/.rvm/gems/ruby-2.0.0-p353/specifications/eventmachine-1.0.3.gemspec
I, [2014-02-05T13:59:34.987463 #8884]  INFO -- : 0:  multipart-post (2.0.0) from /Users/ZezanTam/.rvm/gems/ruby-2.0.0-p353/specifications/multipart-post-2.0.0.gemspec
I, [2014-02-05T13:59:36.108355 #8884]  INFO -- : 0:  faraday (0.9.0) from /Users/ZezanTam/.rvm/gems/ruby-2.0.0-p353/specifications/faraday-0.9.0.gemspec
I, [2014-02-05T13:59:36.108818 #8884]  INFO -- : 0:  hike (1.2.3) from /Users/ZezanTam/.rvm/gems/ruby-2.0.0-p353@global/specifications/hike-1.2.3.gemspec
I, [2014-02-05T13:59:36.109164 #8884]  INFO -- : 0:  tilt (1.4.1) from /Users/ZezanTam/.rvm/gems/ruby-2.0.0-p353@global/specifications/tilt-1.4.1.gemspec
I, [2014-02-05T13:59:36.109475 #8884]  INFO -- : 0:  sprockets (2.10.1) from /Users/ZezanTam/.rvm/gems/ruby-2.0.0-p353@global/specifications/sprockets-2.10.1.gemspec
I, [2014-02-05T13:59:36.109780 #8884]  INFO -- : 0:  sprockets-rails (2.0.1) from /Users/ZezanTam/.rvm/gems/ruby-2.0.0-p353@global/specifications/sprockets-rails-2.0.1.gemspec
I, [2014-02-05T13:59:36.110067 #8884]  INFO -- : 0:  rails (4.0.2) from /Users/ZezanTam/.rvm/gems/ruby-2.0.0-p353@global/specifications/rails-4.0.2.gemspec
I, [2014-02-05T13:59:36.110350 #8884]  INFO -- : 0:  figaro (0.7.0) from /Users/ZezanTam/.rvm/gems/ruby-2.0.0-p353/specifications/figaro-0.7.0.gemspec
I, [2014-02-05T13:59:37.102496 #8884]  INFO -- : 0:  mini_portile (0.5.2) from /Users/ZezanTam/.rvm/gems/ruby-2.0.0-p353/specifications/mini_portile-0.5.2.gemspec
I, [2014-02-05T14:01:36.928340 #8884]  INFO -- : 0:  nokogiri (1.6.1) from /Users/ZezanTam/.rvm/gems/ruby-2.0.0-p353/specifications/nokogiri-1.6.1.gemspec
I, [2014-02-05T14:01:38.903255 #8884]  INFO -- : 0:  oauth (0.4.7) from /Users/ZezanTam/.rvm/gems/ruby-2.0.0-p353/specifications/oauth-0.4.7.gemspec
I, [2014-02-05T14:01:40.178739 #8884]  INFO -- : 0:  jwt (0.1.11) from /Users/ZezanTam/.rvm/gems/ruby-2.0.0-p353/specifications/jwt-0.1.11.gemspec
I, [2014-02-05T14:01:41.667627 #8884]  INFO -- : 0:  multi_xml (0.5.5) from /Users/ZezanTam/.rvm/gems/ruby-2.0.0-p353/specifications/multi_xml-0.5.5.gemspec
I, [2014-02-05T14:01:42.976993 #8884]  INFO -- : 0:  oauth2 (0.9.3) from /Users/ZezanTam/.rvm/gems/ruby-2.0.0-p353/specifications/oauth2-0.9.3.gemspec
I, [2014-02-05T14:01:44.011480 #8884]  INFO -- : 0:  google_drive (0.3.6) from /Users/ZezanTam/.rvm/gems/ruby-2.0.0-p353/specifications/google_drive-0.3.6.gemspec
I, [2014-02-05T14:01:44.011920 #8884]  INFO -- : 0:  high_voltage (2.1.0) from /Users/ZezanTam/.rvm/gems/ruby-2.0.0-p353/specifications/high_voltage-2.1.0.gemspec
I, [2014-02-05T14:01:44.012218 #8884]  INFO -- : 0:  jbuilder (1.5.3) from /Users/ZezanTam/.rvm/gems/ruby-2.0.0-p353/specifications/jbuilder-1.5.3.gemspec
I, [2014-02-05T14:01:44.012519 #8884]  INFO -- : 0:  jquery-rails (3.1.0) from /Users/ZezanTam/.rvm/gems/ruby-2.0.0-p353/specifications/jquery-rails-3.1.0.gemspec
I, [2014-02-05T14:01:44.012816 #8884]  INFO -- : 0:  json (1.8.1) from /Users/ZezanTam/.rvm/gems/ruby-2.0.0-p353/specifications/json-1.8.1.gemspec
I, [2014-02-05T14:01:44.013108 #8884]  INFO -- : 0:  quiet_assets (1.0.2) from /Users/ZezanTam/.rvm/gems/ruby-2.0.0-p353/specifications/quiet_assets-1.0.2.gemspec
I, [2014-02-05T14:01:44.013397 #8884]  INFO -- : 0:  rails_layout (1.0.5) from /Users/ZezanTam/.rvm/gems/ruby-2.0.0-p353/specifications/rails_layout-1.0.5.gemspec
I, [2014-02-05T14:01:44.013687 #8884]  INFO -- : 0:  sass-rails (4.0.1) from /Users/ZezanTam/.rvm/gems/ruby-2.0.0-p353/specifications/sass-rails-4.0.1.gemspec
I, [2014-02-05T14:01:44.013974 #8884]  INFO -- : 0:  simple_form (3.0.1) from /Users/ZezanTam/.rvm/gems/ruby-2.0.0-p353/specifications/simple_form-3.0.1.gemspec
I, [2014-02-05T14:01:44.014260 #8884]  INFO -- : 0:  sqlite3 (1.3.8) from /Users/ZezanTam/.rvm/gems/ruby-2.0.0-p353/specifications/sqlite3-1.3.8.gemspec
I, [2014-02-05T14:01:44.014545 #8884]  INFO -- : 0:  thin (1.6.1) from /Users/ZezanTam/.rvm/gems/ruby-2.0.0-p353/specifications/thin-1.6.1.gemspec
I, [2014-02-05T14:01:44.014854 #8884]  INFO -- : 0:  turbolinks (2.2.1) from /Users/ZezanTam/.rvm/gems/ruby-2.0.0-p353/specifications/turbolinks-2.2.1.gemspec
I, [2014-02-05T14:01:44.015268 #8884]  INFO -- : 0:  uglifier (2.4.0) from /Users/ZezanTam/.rvm/gems/ruby-2.0.0-p353/specifications/uglifier-2.4.0.gemspec
I, [2014-02-05T14:14:02.134640 #24585]  INFO -- : 0:  rake (10.1.1) from /Users/ZezanTam/.rvm/gems/ruby-2.0.0-p353/specifications/rake-10.1.1.gemspec
I, [2014-02-05T14:14:02.164805 #24585]  INFO -- : 0:  i18n (0.6.9) from /Users/ZezanTam/.rvm/gems/ruby-2.0.0-p353@global/specifications/i18n-0.6.9.gemspec
I, [2014-02-05T14:14:02.165226 #24585]  INFO -- : 0:  minitest (4.7.5) from /Users/ZezanTam/.rvm/gems/ruby-2.0.0-p353/specifications/minitest-4.7.5.gemspec
I, [2014-02-05T14:14:02.165531 #24585]  INFO -- : 0:  multi_json (1.8.4) from /Users/ZezanTam/.rvm/gems/ruby-2.0.0-p353@global/specifications/multi_json-1.8.4.gemspec
I, [2014-02-05T14:14:02.165856 #24585]  INFO -- : 0:  atomic (1.1.14) from /Users/ZezanTam/.rvm/gems/ruby-2.0.0-p353@global/specifications/atomic-1.1.14.gemspec
I, [2014-02-05T14:14:02.166133 #24585]  INFO -- : 0:  thread_safe (0.1.3) from /Users/ZezanTam/.rvm/gems/ruby-2.0.0-p353@global/specifications/thread_safe-0.1.3.gemspec
I, [2014-02-05T14:14:02.166399 #24585]  INFO -- : 0:  tzinfo (0.3.38) from /Users/ZezanTam/.rvm/gems/ruby-2.0.0-p353@global/specifications/tzinfo-0.3.38.gemspec
I, [2014-02-05T14:14:02.178701 #24585]  INFO -- : 0:  activesupport (4.0.2) from /Users/ZezanTam/.rvm/gems/ruby-2.0.0-p353@global/specifications/activesupport-4.0.2.gemspec
I, [2014-02-05T14:14:02.179071 #24585]  INFO -- : 0:  builder (3.1.4) from /Users/ZezanTam/.rvm/gems/ruby-2.0.0-p353@global/specifications/builder-3.1.4.gemspec
I, [2014-02-05T14:14:02.179439 #24585]  INFO -- : 0:  erubis (2.7.0) from /Users/ZezanTam/.rvm/gems/ruby-2.0.0-p353@global/specifications/erubis-2.7.0.gemspec
I, [2014-02-05T14:14:02.179767 #24585]  INFO -- : 0:  rack (1.5.2) from /Users/ZezanTam/.rvm/gems/ruby-2.0.0-p353@global/specifications/rack-1.5.2.gemspec
I, [2014-02-05T14:14:02.180084 #24585]  INFO -- : 0:  rack-test (0.6.2) from /Users/ZezanTam/.rvm/gems/ruby-2.0.0-p353@global/specifications/rack-test-0.6.2.gemspec
I, [2014-02-05T14:14:02.180401 #24585]  INFO -- : 0:  actionpack (4.0.2) from /Users/ZezanTam/.rvm/gems/ruby-2.0.0-p353@global/specifications/actionpack-4.0.2.gemspec
I, [2014-02-05T14:14:02.180735 #24585]  INFO -- : 0:  mime-types (1.25.1) from /Users/ZezanTam/.rvm/gems/ruby-2.0.0-p353@global/specifications/mime-types-1.25.1.gemspec
I, [2014-02-05T14:14:02.181039 #24585]  INFO -- : 0:  polyglot (0.3.3) from /Users/ZezanTam/.rvm/gems/ruby-2.0.0-p353@global/specifications/polyglot-0.3.3.gemspec
I, [2014-02-05T14:14:02.181400 #24585]  INFO -- : 0:  treetop (1.4.15) from /Users/ZezanTam/.rvm/gems/ruby-2.0.0-p353@global/specifications/treetop-1.4.15.gemspec
I, [2014-02-05T14:14:02.181707 #24585]  INFO -- : 0:  mail (2.5.4) from /Users/ZezanTam/.rvm/gems/ruby-2.0.0-p353@global/specifications/mail-2.5.4.gemspec
I, [2014-02-05T14:14:02.182052 #24585]  INFO -- : 0:  actionmailer (4.0.2) from /Users/ZezanTam/.rvm/gems/ruby-2.0.0-p353@global/specifications/actionmailer-4.0.2.gemspec
I, [2014-02-05T14:14:02.182397 #24585]  INFO -- : 0:  activemodel (4.0.2) from /Users/ZezanTam/.rvm/gems/ruby-2.0.0-p353@global/specifications/activemodel-4.0.2.gemspec
I, [2014-02-05T14:14:02.182702 #24585]  INFO -- : 0:  activerecord-deprecated_finders (1.0.3) from /Users/ZezanTam/.rvm/gems/ruby-2.0.0-p353@global/specifications/activerecord-deprecated_finders-1.0.3.gemspec
I, [2014-02-05T14:14:02.183135 #24585]  INFO -- : 0:  arel (4.0.1) from /Users/ZezanTam/.rvm/gems/ruby-2.0.0-p353@global/specifications/arel-4.0.1.gemspec
I, [2014-02-05T14:14:02.183591 #24585]  INFO -- : 0:  activerecord (4.0.2) from /Users/ZezanTam/.rvm/gems/ruby-2.0.0-p353@global/specifications/activerecord-4.0.2.gemspec
I, [2014-02-05T14:14:02.183991 #24585]  INFO -- : 0:  activerecord-tableless (1.3.3) from /Users/ZezanTam/.rvm/gems/ruby-2.0.0-p353/specifications/activerecord-tableless-1.3.3.gemspec
I, [2014-02-05T14:14:02.184432 #24585]  INFO -- : 0:  coderay (1.1.0) from /Users/ZezanTam/.rvm/gems/ruby-2.0.0-p353/specifications/coderay-1.1.0.gemspec
I, [2014-02-05T14:14:02.184908 #24585]  INFO -- : 0:  better_errors (1.1.0) from /Users/ZezanTam/.rvm/gems/ruby-2.0.0-p353/specifications/better_errors-1.1.0.gemspec
I, [2014-02-05T14:14:02.185353 #24585]  INFO -- : 0:  debug_inspector (0.0.2) from /Users/ZezanTam/.rvm/gems/ruby-2.0.0-p353/specifications/debug_inspector-0.0.2.gemspec
I, [2014-02-05T14:14:02.185857 #24585]  INFO -- : 0:  binding_of_caller (0.7.2) from /Users/ZezanTam/.rvm/gems/ruby-2.0.0-p353/specifications/binding_of_caller-0.7.2.gemspec
I, [2014-02-05T14:14:02.186299 #24585]  INFO -- : 0:  sass (3.2.14) from /Users/ZezanTam/.rvm/gems/ruby-2.0.0-p353/specifications/sass-3.2.14.gemspec
I, [2014-02-05T14:14:02.186710 #24585]  INFO -- : 0:  bootstrap-sass (3.1.0.1) from /Users/ZezanTam/.rvm/gems/ruby-2.0.0-p353/specifications/bootstrap-sass-3.1.0.1.gemspec
I, [2014-02-05T14:14:02.187097 #24585]  INFO -- : 0:  coffee-script-source (1.7.0) from /Users/ZezanTam/.rvm/gems/ruby-2.0.0-p353/specifications/coffee-script-source-1.7.0.gemspec
I, [2014-02-05T14:14:02.187473 #24585]  INFO -- : 0:  execjs (2.0.2) from /Users/ZezanTam/.rvm/gems/ruby-2.0.0-p353/specifications/execjs-2.0.2.gemspec
I, [2014-02-05T14:14:02.187795 #24585]  INFO -- : 0:  coffee-script (2.2.0) from /Users/ZezanTam/.rvm/gems/ruby-2.0.0-p353/specifications/coffee-script-2.2.0.gemspec
I, [2014-02-05T14:14:02.188154 #24585]  INFO -- : 0:  thor (0.18.1) from /Users/ZezanTam/.rvm/gems/ruby-2.0.0-p353@global/specifications/thor-0.18.1.gemspec
I, [2014-02-05T14:14:02.188468 #24585]  INFO -- : 0:  railties (4.0.2) from /Users/ZezanTam/.rvm/gems/ruby-2.0.0-p353@global/specifications/railties-4.0.2.gemspec
I, [2014-02-05T14:14:02.188769 #24585]  INFO -- : 0:  coffee-rails (4.0.1) from /Users/ZezanTam/.rvm/gems/ruby-2.0.0-p353/specifications/coffee-rails-4.0.1.gemspec
I, [2014-02-05T14:14:02.189058 #24585]  INFO -- : 0:  daemons (1.1.9) from /Users/ZezanTam/.rvm/gems/ruby-2.0.0-p353/specifications/daemons-1.1.9.gemspec
I, [2014-02-05T14:14:02.189335 #24585]  INFO -- : 0:  eventmachine (1.0.3) from /Users/ZezanTam/.rvm/gems/ruby-2.0.0-p353/specifications/eventmachine-1.0.3.gemspec
I, [2014-02-05T14:14:02.189631 #24585]  INFO -- : 0:  multipart-post (2.0.0) from /Users/ZezanTam/.rvm/gems/ruby-2.0.0-p353/specifications/multipart-post-2.0.0.gemspec
I, [2014-02-05T14:14:02.189926 #24585]  INFO -- : 0:  faraday (0.9.0) from /Users/ZezanTam/.rvm/gems/ruby-2.0.0-p353/specifications/faraday-0.9.0.gemspec
I, [2014-02-05T14:14:02.190215 #24585]  INFO -- : 0:  bundler (1.5.1) from /Users/ZezanTam/.rvm/gems/ruby-2.0.0-p353@global/specifications/bundler-1.5.1.gemspec
I, [2014-02-05T14:14:02.190514 #24585]  INFO -- : 0:  hike (1.2.3) from /Users/ZezanTam/.rvm/gems/ruby-2.0.0-p353@global/specifications/hike-1.2.3.gemspec
I, [2014-02-05T14:14:02.190812 #24585]  INFO -- : 0:  tilt (1.4.1) from /Users/ZezanTam/.rvm/gems/ruby-2.0.0-p353@global/specifications/tilt-1.4.1.gemspec
I, [2014-02-05T14:14:02.191091 #24585]  INFO -- : 0:  sprockets (2.10.1) from /Users/ZezanTam/.rvm/gems/ruby-2.0.0-p353@global/specifications/sprockets-2.10.1.gemspec
I, [2014-02-05T14:14:02.191412 #24585]  INFO -- : 0:  sprockets-rails (2.0.1) from /Users/ZezanTam/.rvm/gems/ruby-2.0.0-p353@global/specifications/sprockets-rails-2.0.1.gemspec
I, [2014-02-05T14:14:02.191719 #24585]  INFO -- : 0:  rails (4.0.2) from /Users/ZezanTam/.rvm/gems/ruby-2.0.0-p353@global/specifications/rails-4.0.2.gemspec
I, [2014-02-05T14:14:02.192027 #24585]  INFO -- : 0:  figaro (0.7.0) from /Users/ZezanTam/.rvm/gems/ruby-2.0.0-p353/specifications/figaro-0.7.0.gemspec
I, [2014-02-05T14:14:02.192337 #24585]  INFO -- : 0:  mini_portile (0.5.2) from /Users/ZezanTam/.rvm/gems/ruby-2.0.0-p353/specifications/mini_portile-0.5.2.gemspec
I, [2014-02-05T14:14:02.192617 #24585]  INFO -- : 0:  nokogiri (1.6.1) from /Users/ZezanTam/.rvm/gems/ruby-2.0.0-p353/specifications/nokogiri-1.6.1.gemspec
I, [2014-02-05T14:14:02.192908 #24585]  INFO -- : 0:  oauth (0.4.7) from /Users/ZezanTam/.rvm/gems/ruby-2.0.0-p353/specifications/oauth-0.4.7.gemspec
I, [2014-02-05T14:14:02.193198 #24585]  INFO -- : 0:  jwt (0.1.11) from /Users/ZezanTam/.rvm/gems/ruby-2.0.0-p353/specifications/jwt-0.1.11.gemspec
I, [2014-02-05T14:14:02.193492 #24585]  INFO -- : 0:  multi_xml (0.5.5) from /Users/ZezanTam/.rvm/gems/ruby-2.0.0-p353/specifications/multi_xml-0.5.5.gemspec
I, [2014-02-05T14:14:02.193791 #24585]  INFO -- : 0:  oauth2 (0.9.3) from /Users/ZezanTam/.rvm/gems/ruby-2.0.0-p353/specifications/oauth2-0.9.3.gemspec
I, [2014-02-05T14:14:02.194041 #24585]  INFO -- : 0:  google_drive (0.3.6) from /Users/ZezanTam/.rvm/gems/ruby-2.0.0-p353/specifications/google_drive-0.3.6.gemspec
I, [2014-02-05T14:14:02.194293 #24585]  INFO -- : 0:  high_voltage (2.1.0) from /Users/ZezanTam/.rvm/gems/ruby-2.0.0-p353/specifications/high_voltage-2.1.0.gemspec
I, [2014-02-05T14:14:02.194541 #24585]  INFO -- : 0:  jbuilder (1.5.3) from /Users/ZezanTam/.rvm/gems/ruby-2.0.0-p353/specifications/jbuilder-1.5.3.gemspec
I, [2014-02-05T14:14:02.194790 #24585]  INFO -- : 0:  jquery-rails (3.1.0) from /Users/ZezanTam/.rvm/gems/ruby-2.0.0-p353/specifications/jquery-rails-3.1.0.gemspec
I, [2014-02-05T14:14:02.195047 #24585]  INFO -- : 0:  json (1.8.1) from /Users/ZezanTam/.rvm/gems/ruby-2.0.0-p353/specifications/json-1.8.1.gemspec
I, [2014-02-05T14:14:02.195321 #24585]  INFO -- : 0:  quiet_assets (1.0.2) from /Users/ZezanTam/.rvm/gems/ruby-2.0.0-p353/specifications/quiet_assets-1.0.2.gemspec
I, [2014-02-05T14:14:02.195559 #24585]  INFO -- : 0:  rails_layout (1.0.5) from /Users/ZezanTam/.rvm/gems/ruby-2.0.0-p353/specifications/rails_layout-1.0.5.gemspec
I, [2014-02-05T14:14:02.195809 #24585]  INFO -- : 0:  sass-rails (4.0.1) from /Users/ZezanTam/.rvm/gems/ruby-2.0.0-p353/specifications/sass-rails-4.0.1.gemspec
I, [2014-02-05T14:14:02.196063 #24585]  INFO -- : 0:  simple_form (3.0.1) from /Users/ZezanTam/.rvm/gems/ruby-2.0.0-p353/specifications/simple_form-3.0.1.gemspec
I, [2014-02-05T14:14:02.196312 #24585]  INFO -- : 0:  sqlite3 (1.3.8) from /Users/ZezanTam/.rvm/gems/ruby-2.0.0-p353/specifications/sqlite3-1.3.8.gemspec
I, [2014-02-05T14:14:02.196616 #24585]  INFO -- : 0:  thin (1.6.1) from /Users/ZezanTam/.rvm/gems/ruby-2.0.0-p353/specifications/thin-1.6.1.gemspec
I, [2014-02-05T14:14:02.197081 #24585]  INFO -- : 0:  turbolinks (2.2.1) from /Users/ZezanTam/.rvm/gems/ruby-2.0.0-p353/specifications/turbolinks-2.2.1.gemspec
I, [2014-02-05T14:14:02.197514 #24585]  INFO -- : 0:  uglifier (2.4.0) from /Users/ZezanTam/.rvm/gems/ruby-2.0.0-p353/specifications/uglifier-2.4.0.gemspec
